<?xml version="1.0" encoding="UTF-8"?>
<testng-results skipped="0" failed="0" ignored="0" total="2" passed="2">
  <reporter-output>
  </reporter-output>
  <suite name="Suite" duration-ms="101810" started-at="2018-09-23T05:11:19Z" finished-at="2018-09-23T05:13:01Z">
    <groups>
    </groups>
    <test name="FirefoxTest" duration-ms="88108" started-at="2018-09-23T05:11:19Z" finished-at="2018-09-23T05:12:47Z">
      <class name="au.com.ebay.tests.AddToCartTest">
        <test-method status="PASS" signature="setUpBeforeClass(java.lang.String)[pri:0, instance:au.com.ebay.tests.AddToCartTest@3498ed]" name="setUpBeforeClass" is-config="true" duration-ms="17067" started-at="2018-09-23T15:11:19Z" finished-at="2018-09-23T15:11:36Z">
          <params>
            <param index="0">
              <value>
                <![CDATA[firefox]]>
              </value>
            </param>
          </params>
          <reporter-output>
          </reporter-output>
        </test-method> <!-- setUpBeforeClass -->
        <test-method status="PASS" signature="addTwoItemsToCartTest()[pri:0, instance:au.com.ebay.tests.AddToCartTest@3498ed]" name="addTwoItemsToCartTest" duration-ms="69607" started-at="2018-09-23T15:11:36Z" finished-at="2018-09-23T15:12:45Z">
          <reporter-output>
          </reporter-output>
        </test-method> <!-- addTwoItemsToCartTest -->
        <test-method status="PASS" signature="tearDownAfterClass()[pri:0, instance:au.com.ebay.tests.AddToCartTest@3498ed]" name="tearDownAfterClass" is-config="true" duration-ms="1419" started-at="2018-09-23T15:12:45Z" finished-at="2018-09-23T15:12:47Z">
          <reporter-output>
          </reporter-output>
        </test-method> <!-- tearDownAfterClass -->
      </class> <!-- au.com.ebay.tests.AddToCartTest -->
    </test> <!-- FirefoxTest -->
    <test name="ChromeTest" duration-ms="101809" started-at="2018-09-23T05:11:19Z" finished-at="2018-09-23T05:13:01Z">
      <class name="au.com.ebay.tests.AddToCartTest">
        <test-method status="PASS" signature="setUpBeforeClass(java.lang.String)[pri:0, instance:au.com.ebay.tests.AddToCartTest@1324409e]" name="setUpBeforeClass" is-config="true" duration-ms="6548" started-at="2018-09-23T15:11:19Z" finished-at="2018-09-23T15:11:25Z">
          <params>
            <param index="0">
              <value>
                <![CDATA[chrome]]>
              </value>
            </param>
          </params>
          <reporter-output>
          </reporter-output>
        </test-method> <!-- setUpBeforeClass -->
        <test-method status="PASS" signature="addTwoItemsToCartTest()[pri:0, instance:au.com.ebay.tests.AddToCartTest@1324409e]" name="addTwoItemsToCartTest" duration-ms="95175" started-at="2018-09-23T15:11:25Z" finished-at="2018-09-23T15:13:00Z">
          <reporter-output>
          </reporter-output>
        </test-method> <!-- addTwoItemsToCartTest -->
        <test-method status="FAIL" signature="tearDownAfterClass()[pri:0, instance:au.com.ebay.tests.AddToCartTest@1324409e]" name="tearDownAfterClass" is-config="true" duration-ms="44" started-at="2018-09-23T15:13:00Z" finished-at="2018-09-23T15:13:00Z">
          <exception class="org.openqa.selenium.NoSuchSessionException">
            <message>
              <![CDATA[Tried to run command without establishing a connection
Build info: version: '3.14.0', revision: 'aacccce0', time: '2018-08-02T20:19:58.91Z'
System info: host: '192-168-1-8.tpgi.com.au', ip: 'fe80:0:0:0:107a:d63c:c0e5:1d6e%en0', os.name: 'Mac OS X', os.arch: 'x86_64', os.version: '10.13.6', java.version: '1.8.0_131'
Driver info: org.openqa.selenium.firefox.FirefoxDriver
Capabilities {acceptInsecureCerts: true, browserName: firefox, browserVersion: 62.0.2, javascriptEnabled: true, moz:accessibilityChecks: false, moz:geckodriverVersion: 0.22.0, moz:headless: false, moz:processID: 64440, moz:profile: /var/folders/8m/v08smxzn22x..., moz:useNonSpecCompliantPointerOrigin: false, moz:webdriverClick: true, pageLoadStrategy: normal, platform: MAC, platformName: MAC, platformVersion: 17.7.0, rotatable: false, timeouts: {implicit: 0, pageLoad: 300000, script: 30000}}
Session ID: 08c9957d-b18d-854d-8378-7937d8613a54]]>
            </message>
            <full-stacktrace>
              <![CDATA[org.openqa.selenium.NoSuchSessionException: Tried to run command without establishing a connection
Build info: version: '3.14.0', revision: 'aacccce0', time: '2018-08-02T20:19:58.91Z'
System info: host: '192-168-1-8.tpgi.com.au', ip: 'fe80:0:0:0:107a:d63c:c0e5:1d6e%en0', os.name: 'Mac OS X', os.arch: 'x86_64', os.version: '10.13.6', java.version: '1.8.0_131'
Driver info: org.openqa.selenium.firefox.FirefoxDriver
Capabilities {acceptInsecureCerts: true, browserName: firefox, browserVersion: 62.0.2, javascriptEnabled: true, moz:accessibilityChecks: false, moz:geckodriverVersion: 0.22.0, moz:headless: false, moz:processID: 64440, moz:profile: /var/folders/8m/v08smxzn22x..., moz:useNonSpecCompliantPointerOrigin: false, moz:webdriverClick: true, pageLoadStrategy: normal, platform: MAC, platformName: MAC, platformVersion: 17.7.0, rotatable: false, timeouts: {implicit: 0, pageLoad: 300000, script: 30000}}
Session ID: 08c9957d-b18d-854d-8378-7937d8613a54
	at sun.reflect.NativeConstructorAccessorImpl.newInstance0(Native Method)
	at sun.reflect.NativeConstructorAccessorImpl.newInstance(NativeConstructorAccessorImpl.java:62)
	at sun.reflect.DelegatingConstructorAccessorImpl.newInstance(DelegatingConstructorAccessorImpl.java:45)
	at java.lang.reflect.Constructor.newInstance(Constructor.java:423)
	at org.openqa.selenium.remote.http.W3CHttpResponseCodec.createException(W3CHttpResponseCodec.java:187)
	at org.openqa.selenium.remote.http.W3CHttpResponseCodec.decode(W3CHttpResponseCodec.java:122)
	at org.openqa.selenium.remote.http.W3CHttpResponseCodec.decode(W3CHttpResponseCodec.java:49)
	at org.openqa.selenium.remote.HttpCommandExecutor.execute(HttpCommandExecutor.java:158)
	at org.openqa.selenium.remote.service.DriverCommandExecutor.execute(DriverCommandExecutor.java:83)
	at org.openqa.selenium.remote.RemoteWebDriver.execute(RemoteWebDriver.java:548)
	at org.openqa.selenium.remote.RemoteWebDriver.execute(RemoteWebDriver.java:605)
	at org.openqa.selenium.remote.RemoteWebDriver.close(RemoteWebDriver.java:438)
	at au.com.ebay.tests.BaseTestSuite.tearDownAfterClass(BaseTestSuite.java:58)
	at sun.reflect.NativeMethodAccessorImpl.invoke0(Native Method)
	at sun.reflect.NativeMethodAccessorImpl.invoke(NativeMethodAccessorImpl.java:62)
	at sun.reflect.DelegatingMethodAccessorImpl.invoke(DelegatingMethodAccessorImpl.java:43)
	at java.lang.reflect.Method.invoke(Method.java:498)
	at org.testng.internal.MethodInvocationHelper.invokeMethod(MethodInvocationHelper.java:108)
	at org.testng.internal.Invoker.invokeConfigurationMethod(Invoker.java:523)
	at org.testng.internal.Invoker.invokeConfigurations(Invoker.java:224)
	at org.testng.internal.Invoker.invokeConfigurations(Invoker.java:146)
	at org.testng.internal.TestMethodWorker.invokeAfterClassMethods(TestMethodWorker.java:212)
	at org.testng.internal.TestMethodWorker.run(TestMethodWorker.java:112)
	at org.testng.TestRunner.privateRun(TestRunner.java:744)
	at org.testng.TestRunner.run(TestRunner.java:602)
	at org.testng.SuiteRunner.runTest(SuiteRunner.java:380)
	at org.testng.SuiteRunner.access$000(SuiteRunner.java:39)
	at org.testng.SuiteRunner$SuiteWorker.run(SuiteRunner.java:414)
	at org.testng.internal.thread.ThreadUtil$1.call(ThreadUtil.java:52)
	at java.util.concurrent.FutureTask.run(FutureTask.java:266)
	at java.util.concurrent.ThreadPoolExecutor.runWorker(ThreadPoolExecutor.java:1142)
	at java.util.concurrent.ThreadPoolExecutor$Worker.run(ThreadPoolExecutor.java:617)
	at java.lang.Thread.run(Thread.java:748)
]]>
            </full-stacktrace>
          </exception> <!-- org.openqa.selenium.NoSuchSessionException -->
          <reporter-output>
          </reporter-output>
        </test-method> <!-- tearDownAfterClass -->
      </class> <!-- au.com.ebay.tests.AddToCartTest -->
    </test> <!-- ChromeTest -->
  </suite> <!-- Suite -->
</testng-results>
