<?xml version="1.0" encoding="UTF-8"?>
<testng-results skipped="0" failed="0" ignored="0" total="1" passed="1">
  <reporter-output>
  </reporter-output>
  <suite name="Suite" duration-ms="41446" started-at="2018-09-23T23:44:40Z" finished-at="2018-09-23T23:45:22Z">
    <groups>
    </groups>
    <test name="ChromeTest" duration-ms="41446" started-at="2018-09-23T23:44:40Z" finished-at="2018-09-23T23:45:22Z">
      <class name="au.com.ebay.tests.AddToCartTest">
        <test-method status="PASS" signature="setUpBeforeClass(java.lang.String)[pri:0, instance:au.com.ebay.tests.AddToCartTest@6aaa5eb0]" name="setUpBeforeClass" is-config="true" duration-ms="5052" started-at="2018-09-24T09:44:40Z" finished-at="2018-09-24T09:44:45Z">
          <params>
            <param index="0">
              <value>
                <![CDATA[chrome]]>
              </value>
            </param>
          </params>
          <reporter-output>
          </reporter-output>
        </test-method> <!-- setUpBeforeClass -->
        <test-method status="PASS" signature="addTwoItemsToCartTest()[pri:0, instance:au.com.ebay.tests.AddToCartTest@6aaa5eb0]" name="addTwoItemsToCartTest" duration-ms="36249" started-at="2018-09-24T09:44:45Z" finished-at="2018-09-24T09:45:21Z">
          <reporter-output>
          </reporter-output>
        </test-method> <!-- addTwoItemsToCartTest -->
        <test-method status="PASS" signature="tearDownAfterClass()[pri:0, instance:au.com.ebay.tests.AddToCartTest@6aaa5eb0]" name="tearDownAfterClass" is-config="true" duration-ms="125" started-at="2018-09-24T09:45:21Z" finished-at="2018-09-24T09:45:22Z">
          <reporter-output>
          </reporter-output>
        </test-method> <!-- tearDownAfterClass -->
      </class> <!-- au.com.ebay.tests.AddToCartTest -->
    </test> <!-- ChromeTest -->
  </suite> <!-- Suite -->
</testng-results>
